#-----------------------------------------------------------
# Vivado v2019.2 (64-bit)
# SW Build 2708876 on Wed Nov  6 21:39:14 MST 2019
# IP Build 2700528 on Thu Nov  7 00:09:20 MST 2019
# Start of session at: Sun Sep 12 12:50:27 2021
# Process ID: 2984
# Current directory: /home/limenet1/Work/MyProjects/pcie_5Gradio/pcie_5gradio_gw
# Command line: vivado
# Log file: /home/limenet1/Work/MyProjects/pcie_5Gradio/pcie_5gradio_gw/vivado.log
# Journal file: /home/limenet1/Work/MyProjects/pcie_5Gradio/pcie_5gradio_gw/vivado.jou
#-----------------------------------------------------------
start_gui
open_project /home/limenet1/Work/MyProjects/pcie_5Gradio/pcie_5gradio_gw/PCIe_5GRadio_lms7_trx/PCIe_5GRadio_lms7_trx.xpr
WARNING: [filemgmt 56-99] Vivado Synthesis ignores library specification for Verilog or SystemVerilog files. [/home/limenet1/Work/MyProjects/pcie_5Gradio/pcie_5gradio_gw/src/hdl/litepcie/litepcie_core.v:]
WARNING: [filemgmt 56-99] Vivado Synthesis ignores library specification for Verilog or SystemVerilog files. [/home/limenet1/Work/MyProjects/pcie_5Gradio/pcie_5gradio_gw/src/hdl/max5878/max5878_io.v:]
WARNING: [filemgmt 56-99] Vivado Synthesis ignores library specification for Verilog or SystemVerilog files. [/home/limenet1/Work/MyProjects/pcie_5Gradio/pcie_5gradio_gw/ip/vivado/pcie/7-series/common/pcie.v:]
WARNING: [filemgmt 56-99] Vivado Synthesis ignores library specification for Verilog or SystemVerilog files. [/home/limenet1/Work/MyProjects/pcie_5Gradio/pcie_5gradio_gw/ip/vivado/pcie/7-series/common/pcie_axi_basic_rx.v:]
WARNING: [filemgmt 56-99] Vivado Synthesis ignores library specification for Verilog or SystemVerilog files. [/home/limenet1/Work/MyProjects/pcie_5Gradio/pcie_5gradio_gw/ip/vivado/pcie/7-series/common/pcie_axi_basic_rx_null_gen.v:]
WARNING: [filemgmt 56-99] Vivado Synthesis ignores library specification for Verilog or SystemVerilog files. [/home/limenet1/Work/MyProjects/pcie_5Gradio/pcie_5gradio_gw/ip/vivado/pcie/7-series/common/pcie_axi_basic_rx_pipeline.v:]
WARNING: [filemgmt 56-99] Vivado Synthesis ignores library specification for Verilog or SystemVerilog files. [/home/limenet1/Work/MyProjects/pcie_5Gradio/pcie_5gradio_gw/ip/vivado/pcie/7-series/common/pcie_axi_basic_top.v:]
WARNING: [filemgmt 56-99] Vivado Synthesis ignores library specification for Verilog or SystemVerilog files. [/home/limenet1/Work/MyProjects/pcie_5Gradio/pcie_5gradio_gw/ip/vivado/pcie/7-series/common/pcie_axi_basic_tx.v:]
WARNING: [filemgmt 56-99] Vivado Synthesis ignores library specification for Verilog or SystemVerilog files. [/home/limenet1/Work/MyProjects/pcie_5Gradio/pcie_5gradio_gw/ip/vivado/pcie/7-series/common/pcie_axi_basic_tx_pipeline.v:]
WARNING: [filemgmt 56-99] Vivado Synthesis ignores library specification for Verilog or SystemVerilog files. [/home/limenet1/Work/MyProjects/pcie_5Gradio/pcie_5gradio_gw/ip/vivado/pcie/7-series/common/pcie_axi_basic_tx_thrtl_ctl.v:]
WARNING: [filemgmt 56-99] Vivado Synthesis ignores library specification for Verilog or SystemVerilog files. [/home/limenet1/Work/MyProjects/pcie_5Gradio/pcie_5gradio_gw/ip/vivado/pcie/7-series/artix7/pcie_core_top.v:]
WARNING: [filemgmt 56-99] Vivado Synthesis ignores library specification for Verilog or SystemVerilog files. [/home/limenet1/Work/MyProjects/pcie_5Gradio/pcie_5gradio_gw/ip/vivado/pcie/7-series/common/pcie_gt_common.v:]
WARNING: [filemgmt 56-99] Vivado Synthesis ignores library specification for Verilog or SystemVerilog files. [/home/limenet1/Work/MyProjects/pcie_5Gradio/pcie_5gradio_gw/ip/vivado/pcie/7-series/common/pcie_gt_rx_valid_filter_7x.v:]
WARNING: [filemgmt 56-99] Vivado Synthesis ignores library specification for Verilog or SystemVerilog files. [/home/limenet1/Work/MyProjects/pcie_5Gradio/pcie_5gradio_gw/ip/vivado/pcie/7-series/common/pcie_gt_top.v:]
WARNING: [filemgmt 56-99] Vivado Synthesis ignores library specification for Verilog or SystemVerilog files. [/home/limenet1/Work/MyProjects/pcie_5Gradio/pcie_5gradio_gw/ip/vivado/pcie/7-series/common/pcie_gt_wrapper.v:]
WARNING: [filemgmt 56-99] Vivado Synthesis ignores library specification for Verilog or SystemVerilog files. [/home/limenet1/Work/MyProjects/pcie_5Gradio/pcie_5gradio_gw/ip/vivado/pcie/7-series/common/pcie_gtp_cpllpd_ovrd.v:]
WARNING: [filemgmt 56-99] Vivado Synthesis ignores library specification for Verilog or SystemVerilog files. [/home/limenet1/Work/MyProjects/pcie_5Gradio/pcie_5gradio_gw/ip/vivado/pcie/7-series/common/pcie_gtp_pipe_drp.v:]
WARNING: [filemgmt 56-99] Vivado Synthesis ignores library specification for Verilog or SystemVerilog files. [/home/limenet1/Work/MyProjects/pcie_5Gradio/pcie_5gradio_gw/ip/vivado/pcie/7-series/common/pcie_gtp_pipe_rate.v:]
WARNING: [filemgmt 56-99] Vivado Synthesis ignores library specification for Verilog or SystemVerilog files. [/home/limenet1/Work/MyProjects/pcie_5Gradio/pcie_5gradio_gw/ip/vivado/pcie/7-series/common/pcie_gtp_pipe_reset.v:]
WARNING: [filemgmt 56-99] Vivado Synthesis ignores library specification for Verilog or SystemVerilog files. [/home/limenet1/Work/MyProjects/pcie_5Gradio/pcie_5gradio_gw/ip/vivado/pcie/7-series/common/pcie_gtx_cpllpd_ovrd.v:]
WARNING: [filemgmt 56-99] Vivado Synthesis ignores library specification for Verilog or SystemVerilog files. [/home/limenet1/Work/MyProjects/pcie_5Gradio/pcie_5gradio_gw/ip/vivado/pcie/7-series/common/pcie_pcie2_top.v:]
WARNING: [filemgmt 56-99] Vivado Synthesis ignores library specification for Verilog or SystemVerilog files. [/home/limenet1/Work/MyProjects/pcie_5Gradio/pcie_5gradio_gw/ip/vivado/pcie/7-series/common/pcie_pcie_7x.v:]
WARNING: [filemgmt 56-99] Vivado Synthesis ignores library specification for Verilog or SystemVerilog files. [/home/limenet1/Work/MyProjects/pcie_5Gradio/pcie_5gradio_gw/ip/vivado/pcie/7-series/common/pcie_pcie_bram_7x.v:]
WARNING: [filemgmt 56-99] Vivado Synthesis ignores library specification for Verilog or SystemVerilog files. [/home/limenet1/Work/MyProjects/pcie_5Gradio/pcie_5gradio_gw/ip/vivado/pcie/7-series/common/pcie_pcie_bram_top_7x.v:]
WARNING: [filemgmt 56-99] Vivado Synthesis ignores library specification for Verilog or SystemVerilog files. [/home/limenet1/Work/MyProjects/pcie_5Gradio/pcie_5gradio_gw/ip/vivado/pcie/7-series/common/pcie_pcie_brams_7x.v:]
WARNING: [filemgmt 56-99] Vivado Synthesis ignores library specification for Verilog or SystemVerilog files. [/home/limenet1/Work/MyProjects/pcie_5Gradio/pcie_5gradio_gw/ip/vivado/pcie/7-series/common/pcie_pcie_pipe_lane.v:]
WARNING: [filemgmt 56-99] Vivado Synthesis ignores library specification for Verilog or SystemVerilog files. [/home/limenet1/Work/MyProjects/pcie_5Gradio/pcie_5gradio_gw/ip/vivado/pcie/7-series/common/pcie_pcie_pipe_misc.v:]
WARNING: [filemgmt 56-99] Vivado Synthesis ignores library specification for Verilog or SystemVerilog files. [/home/limenet1/Work/MyProjects/pcie_5Gradio/pcie_5gradio_gw/ip/vivado/pcie/7-series/common/pcie_pcie_pipe_pipeline.v:]
WARNING: [filemgmt 56-99] Vivado Synthesis ignores library specification for Verilog or SystemVerilog files. [/home/limenet1/Work/MyProjects/pcie_5Gradio/pcie_5gradio_gw/ip/vivado/pcie/7-series/common/pcie_pcie_top.v:]
WARNING: [filemgmt 56-99] Vivado Synthesis ignores library specification for Verilog or SystemVerilog files. [/home/limenet1/Work/MyProjects/pcie_5Gradio/pcie_5gradio_gw/ip/vivado/pcie/7-series/common/pcie_phy.v:]
WARNING: [filemgmt 56-99] Vivado Synthesis ignores library specification for Verilog or SystemVerilog files. [/home/limenet1/Work/MyProjects/pcie_5Gradio/pcie_5gradio_gw/ip/vivado/pcie/7-series/common/pcie_phy_config.v:]
WARNING: [filemgmt 56-99] Vivado Synthesis ignores library specification for Verilog or SystemVerilog files. [/home/limenet1/Work/MyProjects/pcie_5Gradio/pcie_5gradio_gw/ip/vivado/pcie/7-series/common/pcie_pipe_clock.v:]
WARNING: [filemgmt 56-99] Vivado Synthesis ignores library specification for Verilog or SystemVerilog files. [/home/limenet1/Work/MyProjects/pcie_5Gradio/pcie_5gradio_gw/ip/vivado/pcie/7-series/common/pcie_pipe_drp.v:]
WARNING: [filemgmt 56-99] Vivado Synthesis ignores library specification for Verilog or SystemVerilog files. [/home/limenet1/Work/MyProjects/pcie_5Gradio/pcie_5gradio_gw/ip/vivado/pcie/7-series/common/pcie_pipe_eq.v:]
WARNING: [filemgmt 56-99] Vivado Synthesis ignores library specification for Verilog or SystemVerilog files. [/home/limenet1/Work/MyProjects/pcie_5Gradio/pcie_5gradio_gw/ip/vivado/pcie/7-series/common/pcie_pipe_rate.v:]
WARNING: [filemgmt 56-99] Vivado Synthesis ignores library specification for Verilog or SystemVerilog files. [/home/limenet1/Work/MyProjects/pcie_5Gradio/pcie_5gradio_gw/ip/vivado/pcie/7-series/common/pcie_pipe_reset.v:]
WARNING: [filemgmt 56-99] Vivado Synthesis ignores library specification for Verilog or SystemVerilog files. [/home/limenet1/Work/MyProjects/pcie_5Gradio/pcie_5gradio_gw/ip/vivado/pcie/7-series/common/pcie_pipe_sync.v:]
WARNING: [filemgmt 56-99] Vivado Synthesis ignores library specification for Verilog or SystemVerilog files. [/home/limenet1/Work/MyProjects/pcie_5Gradio/pcie_5gradio_gw/ip/vivado/pcie/7-series/common/pcie_pipe_user.v:]
WARNING: [filemgmt 56-99] Vivado Synthesis ignores library specification for Verilog or SystemVerilog files. [/home/limenet1/Work/MyProjects/pcie_5Gradio/pcie_5gradio_gw/ip/vivado/pcie/7-series/common/pcie_pipe_wrapper.v:]
WARNING: [filemgmt 56-99] Vivado Synthesis ignores library specification for Verilog or SystemVerilog files. [/home/limenet1/Work/MyProjects/pcie_5Gradio/pcie_5gradio_gw/ip/vivado/pcie/7-series/common/pcie_qpll_drp.v:]
WARNING: [filemgmt 56-99] Vivado Synthesis ignores library specification for Verilog or SystemVerilog files. [/home/limenet1/Work/MyProjects/pcie_5Gradio/pcie_5gradio_gw/ip/vivado/pcie/7-series/common/pcie_qpll_reset.v:]
WARNING: [filemgmt 56-99] Vivado Synthesis ignores library specification for Verilog or SystemVerilog files. [/home/limenet1/Work/MyProjects/pcie_5Gradio/pcie_5gradio_gw/ip/vivado/pcie/7-series/common/pcie_qpll_wrapper.v:]
WARNING: [filemgmt 56-99] Vivado Synthesis ignores library specification for Verilog or SystemVerilog files. [/home/limenet1/Work/MyProjects/pcie_5Gradio/pcie_5gradio_gw/ip/vivado/pcie/7-series/common/pcie_rxeq_scan.v:]
WARNING: [filemgmt 56-99] Vivado Synthesis ignores library specification for Verilog or SystemVerilog files. [/home/limenet1/Work/MyProjects/pcie_5Gradio/pcie_5gradio_gw/ip/vivado/pcie/7-series/common/pcie_support.v:]
WARNING: [filemgmt 56-99] Vivado Synthesis ignores library specification for Verilog or SystemVerilog files. [/home/limenet1/Work/MyProjects/pcie_5Gradio/pcie_5gradio_gw/ip/vivado/pcie/7-series/common/xpm_cdc.sv:]
WARNING: [filemgmt 56-99] Vivado Synthesis ignores library specification for Verilog or SystemVerilog files. [/home/limenet1/Work/MyProjects/pcie_5Gradio/pcie_5gradio_gw/ip/vivado/mb_subsystem/mb_subsystem/hdl/mb_subsystem_wrapper.v:]
WARNING: [filemgmt 56-99] Vivado Synthesis ignores library specification for Verilog or SystemVerilog files. [/home/limenet1/Work/MyProjects/pcie_5Gradio/pcie_5gradio_gw/src/hdl/xil_mmcm/mmcme2_drp.v:]
WARNING: [filemgmt 56-99] Vivado Synthesis ignores library specification for Verilog or SystemVerilog files. [/home/limenet1/Work/MyProjects/pcie_5Gradio/pcie_5gradio_gw/ip/vivado/pcie_x4/pcie_x4_ex/imports/pcie_x4_pipe_clock.v:]
WARNING: [filemgmt 56-99] Vivado Synthesis ignores library specification for Verilog or SystemVerilog files. [/home/limenet1/Work/MyProjects/pcie_5Gradio/pcie_5gradio_gw/src/hdl/xil_mmcm/top_mmcme2.v:]
Scanning sources...
Finished scanning sources
WARNING: [filemgmt 56-99] Vivado Synthesis ignores library specification for Verilog or SystemVerilog files. [/home/limenet1/Work/MyProjects/pcie_5Gradio/pcie_5gradio_gw/src/hdl/litepcie/litepcie_core.v:]
WARNING: [filemgmt 56-99] Vivado Synthesis ignores library specification for Verilog or SystemVerilog files. [/home/limenet1/Work/MyProjects/pcie_5Gradio/pcie_5gradio_gw/src/hdl/max5878/max5878_io.v:]
WARNING: [filemgmt 56-99] Vivado Synthesis ignores library specification for Verilog or SystemVerilog files. [/home/limenet1/Work/MyProjects/pcie_5Gradio/pcie_5gradio_gw/ip/vivado/pcie/7-series/common/pcie.v:]
WARNING: [filemgmt 56-99] Vivado Synthesis ignores library specification for Verilog or SystemVerilog files. [/home/limenet1/Work/MyProjects/pcie_5Gradio/pcie_5gradio_gw/ip/vivado/pcie/7-series/common/pcie_axi_basic_rx.v:]
WARNING: [filemgmt 56-99] Vivado Synthesis ignores library specification for Verilog or SystemVerilog files. [/home/limenet1/Work/MyProjects/pcie_5Gradio/pcie_5gradio_gw/ip/vivado/pcie/7-series/common/pcie_axi_basic_rx_null_gen.v:]
WARNING: [filemgmt 56-99] Vivado Synthesis ignores library specification for Verilog or SystemVerilog files. [/home/limenet1/Work/MyProjects/pcie_5Gradio/pcie_5gradio_gw/ip/vivado/pcie/7-series/common/pcie_axi_basic_rx_pipeline.v:]
WARNING: [filemgmt 56-99] Vivado Synthesis ignores library specification for Verilog or SystemVerilog files. [/home/limenet1/Work/MyProjects/pcie_5Gradio/pcie_5gradio_gw/ip/vivado/pcie/7-series/common/pcie_axi_basic_top.v:]
WARNING: [filemgmt 56-99] Vivado Synthesis ignores library specification for Verilog or SystemVerilog files. [/home/limenet1/Work/MyProjects/pcie_5Gradio/pcie_5gradio_gw/ip/vivado/pcie/7-series/common/pcie_axi_basic_tx.v:]
WARNING: [filemgmt 56-99] Vivado Synthesis ignores library specification for Verilog or SystemVerilog files. [/home/limenet1/Work/MyProjects/pcie_5Gradio/pcie_5gradio_gw/ip/vivado/pcie/7-series/common/pcie_axi_basic_tx_pipeline.v:]
WARNING: [filemgmt 56-99] Vivado Synthesis ignores library specification for Verilog or SystemVerilog files. [/home/limenet1/Work/MyProjects/pcie_5Gradio/pcie_5gradio_gw/ip/vivado/pcie/7-series/common/pcie_axi_basic_tx_thrtl_ctl.v:]
WARNING: [filemgmt 56-99] Vivado Synthesis ignores library specification for Verilog or SystemVerilog files. [/home/limenet1/Work/MyProjects/pcie_5Gradio/pcie_5gradio_gw/ip/vivado/pcie/7-series/artix7/pcie_core_top.v:]
WARNING: [filemgmt 56-99] Vivado Synthesis ignores library specification for Verilog or SystemVerilog files. [/home/limenet1/Work/MyProjects/pcie_5Gradio/pcie_5gradio_gw/ip/vivado/pcie/7-series/common/pcie_gt_common.v:]
WARNING: [filemgmt 56-99] Vivado Synthesis ignores library specification for Verilog or SystemVerilog files. [/home/limenet1/Work/MyProjects/pcie_5Gradio/pcie_5gradio_gw/ip/vivado/pcie/7-series/common/pcie_gt_rx_valid_filter_7x.v:]
WARNING: [filemgmt 56-99] Vivado Synthesis ignores library specification for Verilog or SystemVerilog files. [/home/limenet1/Work/MyProjects/pcie_5Gradio/pcie_5gradio_gw/ip/vivado/pcie/7-series/common/pcie_gt_top.v:]
WARNING: [filemgmt 56-99] Vivado Synthesis ignores library specification for Verilog or SystemVerilog files. [/home/limenet1/Work/MyProjects/pcie_5Gradio/pcie_5gradio_gw/ip/vivado/pcie/7-series/common/pcie_gt_wrapper.v:]
WARNING: [filemgmt 56-99] Vivado Synthesis ignores library specification for Verilog or SystemVerilog files. [/home/limenet1/Work/MyProjects/pcie_5Gradio/pcie_5gradio_gw/ip/vivado/pcie/7-series/common/pcie_gtp_cpllpd_ovrd.v:]
WARNING: [filemgmt 56-99] Vivado Synthesis ignores library specification for Verilog or SystemVerilog files. [/home/limenet1/Work/MyProjects/pcie_5Gradio/pcie_5gradio_gw/ip/vivado/pcie/7-series/common/pcie_gtp_pipe_drp.v:]
WARNING: [filemgmt 56-99] Vivado Synthesis ignores library specification for Verilog or SystemVerilog files. [/home/limenet1/Work/MyProjects/pcie_5Gradio/pcie_5gradio_gw/ip/vivado/pcie/7-series/common/pcie_gtp_pipe_rate.v:]
WARNING: [filemgmt 56-99] Vivado Synthesis ignores library specification for Verilog or SystemVerilog files. [/home/limenet1/Work/MyProjects/pcie_5Gradio/pcie_5gradio_gw/ip/vivado/pcie/7-series/common/pcie_gtp_pipe_reset.v:]
WARNING: [filemgmt 56-99] Vivado Synthesis ignores library specification for Verilog or SystemVerilog files. [/home/limenet1/Work/MyProjects/pcie_5Gradio/pcie_5gradio_gw/ip/vivado/pcie/7-series/common/pcie_gtx_cpllpd_ovrd.v:]
WARNING: [filemgmt 56-99] Vivado Synthesis ignores library specification for Verilog or SystemVerilog files. [/home/limenet1/Work/MyProjects/pcie_5Gradio/pcie_5gradio_gw/ip/vivado/pcie/7-series/common/pcie_pcie2_top.v:]
WARNING: [filemgmt 56-99] Vivado Synthesis ignores library specification for Verilog or SystemVerilog files. [/home/limenet1/Work/MyProjects/pcie_5Gradio/pcie_5gradio_gw/ip/vivado/pcie/7-series/common/pcie_pcie_7x.v:]
WARNING: [filemgmt 56-99] Vivado Synthesis ignores library specification for Verilog or SystemVerilog files. [/home/limenet1/Work/MyProjects/pcie_5Gradio/pcie_5gradio_gw/ip/vivado/pcie/7-series/common/pcie_pcie_bram_7x.v:]
WARNING: [filemgmt 56-99] Vivado Synthesis ignores library specification for Verilog or SystemVerilog files. [/home/limenet1/Work/MyProjects/pcie_5Gradio/pcie_5gradio_gw/ip/vivado/pcie/7-series/common/pcie_pcie_bram_top_7x.v:]
WARNING: [filemgmt 56-99] Vivado Synthesis ignores library specification for Verilog or SystemVerilog files. [/home/limenet1/Work/MyProjects/pcie_5Gradio/pcie_5gradio_gw/ip/vivado/pcie/7-series/common/pcie_pcie_brams_7x.v:]
WARNING: [filemgmt 56-99] Vivado Synthesis ignores library specification for Verilog or SystemVerilog files. [/home/limenet1/Work/MyProjects/pcie_5Gradio/pcie_5gradio_gw/ip/vivado/pcie/7-series/common/pcie_pcie_pipe_lane.v:]
WARNING: [filemgmt 56-99] Vivado Synthesis ignores library specification for Verilog or SystemVerilog files. [/home/limenet1/Work/MyProjects/pcie_5Gradio/pcie_5gradio_gw/ip/vivado/pcie/7-series/common/pcie_pcie_pipe_misc.v:]
WARNING: [filemgmt 56-99] Vivado Synthesis ignores library specification for Verilog or SystemVerilog files. [/home/limenet1/Work/MyProjects/pcie_5Gradio/pcie_5gradio_gw/ip/vivado/pcie/7-series/common/pcie_pcie_pipe_pipeline.v:]
WARNING: [filemgmt 56-99] Vivado Synthesis ignores library specification for Verilog or SystemVerilog files. [/home/limenet1/Work/MyProjects/pcie_5Gradio/pcie_5gradio_gw/ip/vivado/pcie/7-series/common/pcie_pcie_top.v:]
WARNING: [filemgmt 56-99] Vivado Synthesis ignores library specification for Verilog or SystemVerilog files. [/home/limenet1/Work/MyProjects/pcie_5Gradio/pcie_5gradio_gw/ip/vivado/pcie/7-series/common/pcie_phy.v:]
WARNING: [filemgmt 56-99] Vivado Synthesis ignores library specification for Verilog or SystemVerilog files. [/home/limenet1/Work/MyProjects/pcie_5Gradio/pcie_5gradio_gw/ip/vivado/pcie/7-series/common/pcie_phy_config.v:]
WARNING: [filemgmt 56-99] Vivado Synthesis ignores library specification for Verilog or SystemVerilog files. [/home/limenet1/Work/MyProjects/pcie_5Gradio/pcie_5gradio_gw/ip/vivado/pcie/7-series/common/pcie_pipe_clock.v:]
WARNING: [filemgmt 56-99] Vivado Synthesis ignores library specification for Verilog or SystemVerilog files. [/home/limenet1/Work/MyProjects/pcie_5Gradio/pcie_5gradio_gw/ip/vivado/pcie/7-series/common/pcie_pipe_drp.v:]
WARNING: [filemgmt 56-99] Vivado Synthesis ignores library specification for Verilog or SystemVerilog files. [/home/limenet1/Work/MyProjects/pcie_5Gradio/pcie_5gradio_gw/ip/vivado/pcie/7-series/common/pcie_pipe_eq.v:]
WARNING: [filemgmt 56-99] Vivado Synthesis ignores library specification for Verilog or SystemVerilog files. [/home/limenet1/Work/MyProjects/pcie_5Gradio/pcie_5gradio_gw/ip/vivado/pcie/7-series/common/pcie_pipe_rate.v:]
WARNING: [filemgmt 56-99] Vivado Synthesis ignores library specification for Verilog or SystemVerilog files. [/home/limenet1/Work/MyProjects/pcie_5Gradio/pcie_5gradio_gw/ip/vivado/pcie/7-series/common/pcie_pipe_reset.v:]
WARNING: [filemgmt 56-99] Vivado Synthesis ignores library specification for Verilog or SystemVerilog files. [/home/limenet1/Work/MyProjects/pcie_5Gradio/pcie_5gradio_gw/ip/vivado/pcie/7-series/common/pcie_pipe_sync.v:]
WARNING: [filemgmt 56-99] Vivado Synthesis ignores library specification for Verilog or SystemVerilog files. [/home/limenet1/Work/MyProjects/pcie_5Gradio/pcie_5gradio_gw/ip/vivado/pcie/7-series/common/pcie_pipe_user.v:]
WARNING: [filemgmt 56-99] Vivado Synthesis ignores library specification for Verilog or SystemVerilog files. [/home/limenet1/Work/MyProjects/pcie_5Gradio/pcie_5gradio_gw/ip/vivado/pcie/7-series/common/pcie_pipe_wrapper.v:]
WARNING: [filemgmt 56-99] Vivado Synthesis ignores library specification for Verilog or SystemVerilog files. [/home/limenet1/Work/MyProjects/pcie_5Gradio/pcie_5gradio_gw/ip/vivado/pcie/7-series/common/pcie_qpll_drp.v:]
WARNING: [filemgmt 56-99] Vivado Synthesis ignores library specification for Verilog or SystemVerilog files. [/home/limenet1/Work/MyProjects/pcie_5Gradio/pcie_5gradio_gw/ip/vivado/pcie/7-series/common/pcie_qpll_reset.v:]
WARNING: [filemgmt 56-99] Vivado Synthesis ignores library specification for Verilog or SystemVerilog files. [/home/limenet1/Work/MyProjects/pcie_5Gradio/pcie_5gradio_gw/ip/vivado/pcie/7-series/common/pcie_qpll_wrapper.v:]
WARNING: [filemgmt 56-99] Vivado Synthesis ignores library specification for Verilog or SystemVerilog files. [/home/limenet1/Work/MyProjects/pcie_5Gradio/pcie_5gradio_gw/ip/vivado/pcie/7-series/common/pcie_rxeq_scan.v:]
WARNING: [filemgmt 56-99] Vivado Synthesis ignores library specification for Verilog or SystemVerilog files. [/home/limenet1/Work/MyProjects/pcie_5Gradio/pcie_5gradio_gw/ip/vivado/pcie/7-series/common/pcie_support.v:]
WARNING: [filemgmt 56-99] Vivado Synthesis ignores library specification for Verilog or SystemVerilog files. [/home/limenet1/Work/MyProjects/pcie_5Gradio/pcie_5gradio_gw/ip/vivado/pcie/7-series/common/xpm_cdc.sv:]
WARNING: [filemgmt 56-99] Vivado Synthesis ignores library specification for Verilog or SystemVerilog files. [/home/limenet1/Work/MyProjects/pcie_5Gradio/pcie_5gradio_gw/ip/vivado/mb_subsystem/mb_subsystem/hdl/mb_subsystem_wrapper.v:]
WARNING: [filemgmt 56-99] Vivado Synthesis ignores library specification for Verilog or SystemVerilog files. [/home/limenet1/Work/MyProjects/pcie_5Gradio/pcie_5gradio_gw/src/hdl/xil_mmcm/mmcme2_drp.v:]
WARNING: [filemgmt 56-99] Vivado Synthesis ignores library specification for Verilog or SystemVerilog files. [/home/limenet1/Work/MyProjects/pcie_5Gradio/pcie_5gradio_gw/ip/vivado/pcie_x4/pcie_x4_ex/imports/pcie_x4_pipe_clock.v:]
WARNING: [filemgmt 56-99] Vivado Synthesis ignores library specification for Verilog or SystemVerilog files. [/home/limenet1/Work/MyProjects/pcie_5Gradio/pcie_5gradio_gw/src/hdl/xil_mmcm/top_mmcme2.v:]
WARNING: [filemgmt 56-99] Vivado Synthesis ignores library specification for Verilog or SystemVerilog files. [/home/limenet1/Work/MyProjects/pcie_5Gradio/pcie_5gradio_gw/src/hdl/litepcie/litepcie_core.v:]
WARNING: [filemgmt 56-99] Vivado Synthesis ignores library specification for Verilog or SystemVerilog files. [/home/limenet1/Work/MyProjects/pcie_5Gradio/pcie_5gradio_gw/src/hdl/max5878/max5878_io.v:]
INFO: [Common 17-14] Message 'filemgmt 56-99' appears 100 times and further instances of the messages will be disabled. Use the Tcl command set_msg_config to change the current settings.
INFO: [IP_Flow 19-234] Refreshing IP repositories
INFO: [IP_Flow 19-1700] Loaded user IP repository '/home/limenet1/Work/MyProjects/pcie_5Gradio/pcie_5gradio_gw/ip/vivado/ip_repo'.
INFO: [IP_Flow 19-1700] Loaded user IP repository '/home/limenet1/Work/MyProjects/pcie_5Gradio/pcie_5gradio_gw/ip/vivado/pcie/7-series/common'.
INFO: [IP_Flow 19-2313] Loaded Vivado IP repository '/tools/Xilinx/Vivado/2019.2/data/ip'.
CRITICAL WARNING: [Common 17-1649] The Vivado message database '/home/limenet1/Work/MyProjects/pcie_5Gradio/pcie_5gradio_gw/PCIe_5GRadio_lms7_trx/PCIe_5GRadio_lms7_trx.runs/synth_1/vivado.pb' contains 28141 messages. Restoring all messages from this message database will impact Vivado performance, so only WARNING, CRITICAL WARNING, and ERROR messages will be restored. To restore all messages from this file use the tcl command 'set_param messaging.loadPbLimit 28142' and re-open the project.
open_project: Time (s): cpu = 00:00:14 ; elapsed = 00:00:07 . Memory (MB): peak = 6774.840 ; gain = 327.195 ; free physical = 44142 ; free virtual = 48139
exit
INFO: [Common 17-206] Exiting Vivado at Sun Sep 12 13:24:23 2021...
